
ROM used:   358/65536 (1%)
            358/65536 (1%) including unused fragments

            0.1 Average locations per line
            0.9 Average locations per statement

RAM used:   36/3968 (1%) at main() level
            36/3968 (1%) worst case

Stack used: 1 worst case (0 in main + 1 for interrupts)
Stack size: 31

Lines Stmts  %   Files
----- ----- ---  -----
   81    47  12  MultiplesContadores.c
  834     0   0  ..\..\..\..\..\..\Program Files (x86)\PICC\Devices\18F4620.h
   37     0   0  ..\..\..\..\..\..\Program Files (x86)\PICC\Drivers\stdio.h
  423     0   0  ..\..\..\..\..\..\Program Files (x86)\PICC\Drivers\string.h
   32     0   0  ..\..\..\..\..\..\Program Files (x86)\PICC\Drivers\stddef.h
   28     0   0  ..\..\..\..\..\..\Program Files (x86)\PICC\Drivers\ctype.h
 1351   359  88  ..\..\..\..\..\..\Program Files (x86)\PICC\Drivers\stdlib.h
----- -----
 2786   406 Total

Page ROM  %  RAM   Vol Diff  Functions:
---- --- --- ---   --- ----  ----------
0     22   3    0    65  1.5  timer_0
0    190  27    0   962  4.4  MAIN
 Inline         0             @cinit1

Program metrics:
    Functions               2
    Statements              406
    Comments                699
    Volume (V)              1113
    Difficulty (D)          6.1
    Effort to implement (E) 6770
    Time to implement (T)   6 minutes
    Est Delivered Bugs (B)  0
    Cyclomatic Complexity   8
    Maintainability (MI)    19

 Segment     Used  Free
-----------  ----  ----
00000-00002     4  0  
00004-00006     0  4  
00008-00094   142  0  
00096-0FFFE   212  65174  



